#
# A fatal error has been detected by the Java Runtime Environment:
#
#  EXCEPTION_ACCESS_VIOLATION (0xc0000005) at pc=0x00000000746da4f0, pid=4084, tid=0x00000000000003f8
#
# JRE version: OpenJDK Runtime Environment (8.0_152-b01) (build 1.8.0_152-release-915-b01)
# Java VM: OpenJDK 64-Bit Server VM (25.152-b01 mixed mode windows-amd64 compressed oops)
# Problematic frame:
# V  [jvm.dll+0x8a4f0]
#
# Failed to write core dump. Minidumps are not enabled by default on client versions of Windows
#
# If you would like to submit a bug report, please visit:
#   http://bugreport.java.com/bugreport/crash.jsp
#

---------------  T H R E A D  ---------------

Current thread (0x0000000004378000):  GCTaskThread [stack: 0x0000000013e30000,0x0000000013f30000] [id=1016]

siginfo: ExceptionCode=0xc0000005, reading address 0x0000000180b06fa8

Registers:
RAX=0x0000000000000001, RBX=0x00000000e8121c68, RCX=0x00000000e8121c68, RDX=0x0000000180b06fa0
RSP=0x0000000013f2f8f8, RBP=0x0000000000000000, RSI=0x00000000044540c0, RDI=0x000000001f1eecf0
R8 =0x00000000044540c0, R9 =0x0000000000000013, R10=0x0000000000000008, R11=0x00000000f36b13c8
R12=0x0000000074c650c8, R13=0x0000000000000005, R14=0x0000000000000000, R15=0x00000000043787e0
RIP=0x00000000746da4f0, EFLAGS=0x0000000000010206

Top of Stack: (sp=0x0000000013f2f8f8)
0x0000000013f2f8f8:   0000000074a1c0d2 00000000e812b478
0x0000000013f2f908:   0000000000000004 00000000044540c0
0x0000000013f2f918:   0000000004372500 00000000f36a93d8
0x0000000013f2f928:   0000000074a1c81b 00000000f2ccffd4
0x0000000013f2f938:   0000000000000000 0000000000000000
0x0000000013f2f948:   0000000004372501 0000000074c650c8
0x0000000013f2f958:   0000000074a1c440 00000000f36aa1ec
0x0000000013f2f968:   0000000000000000 00000000044540c0
0x0000000013f2f978:   000000001f1eecf0 00000000f36aa1ec
0x0000000013f2f988:   0000000074a1ce15 00000000e81269d8
0x0000000013f2f998:   0000000000000000 00000000044540c0
0x0000000013f2f9a8:   00000000271c8000 0000000013865201
0x0000000013f2f9b8:   000000007483f62d 0000ad59513725e4
0x0000000013f2f9c8:   000000001386559a 00000000043787d0
0x0000000013f2f9d8:   0000000004372530 00000000043611d0
0x0000000013f2f9e8:   0000000074845b52 0000000004378000 

Instructions: (pc=0x00000000746da4f0)
0x00000000746da4d0:   ac 50 1d 00 48 8b 9c 24 c0 00 00 00 48 81 c4 b0
0x00000000746da4e0:   00 00 00 5d c3 cc cc cc cc cc cc cc cc cc cc cc
0x00000000746da4f0:   44 8b 42 08 4c 8b ca 45 85 c0 7e 0e 41 f6 c0 01
0x00000000746da500:   75 57 41 c1 f8 03 41 8b c0 c3 79 4d 80 3d 9e f3 


Register to memory mapping:

RAX=0x0000000000000001 is an unknown value
RBX=0x00000000e8121c68 is an oop

[error occurred during error reporting (printing register info), id 0xc0000005]

Stack: [0x0000000013e30000,0x0000000013f30000],  sp=0x0000000013f2f8f8,  free space=1022k
Native frames: (J=compiled Java code, j=interpreted, Vv=VM code, C=native code)


---------------  P R O C E S S  ---------------

Java Threads: ( => current thread )
  0x000000001d641000 JavaThread "pool-140-thread-4" [_thread_blocked, id=9284, stack(0x0000000072730000,0x0000000072830000)]
  0x00000000271d1000 JavaThread "pool-140-thread-3" [_thread_blocked, id=9392, stack(0x0000000072630000,0x0000000072730000)]
  0x00000000271cf800 JavaThread "pool-140-thread-2" [_thread_blocked, id=3852, stack(0x0000000072530000,0x0000000072630000)]
  0x00000000271d6000 JavaThread "pool-141-thread-1" [_thread_blocked, id=8684, stack(0x0000000072430000,0x0000000072530000)]
  0x00000000271ce800 JavaThread "pool-140-thread-1" [_thread_blocked, id=7560, stack(0x0000000072330000,0x0000000072430000)]
  0x00000000271d4800 JavaThread "pool-138-thread-4" [_thread_blocked, id=11280, stack(0x0000000072230000,0x0000000072330000)]
  0x00000000271d4000 JavaThread "pool-138-thread-3" [_thread_blocked, id=8636, stack(0x0000000072130000,0x0000000072230000)]
  0x00000000271d5800 JavaThread "pool-138-thread-2" [_thread_blocked, id=6704, stack(0x0000000072030000,0x0000000072130000)]
  0x00000000271d3000 JavaThread "pool-139-thread-1" [_thread_blocked, id=3764, stack(0x0000000071f30000,0x0000000072030000)]
  0x00000000271d2800 JavaThread "pool-138-thread-1" [_thread_blocked, id=7596, stack(0x0000000071e30000,0x0000000071f30000)]
  0x00000000271c8000 JavaThread "pool-132-thread-4" [_thread_blocked, id=3260, stack(0x0000000071330000,0x0000000071430000)]
  0x00000000271ca000 JavaThread "pool-133-thread-1" [_thread_blocked, id=1128, stack(0x0000000071030000,0x0000000071130000)]
  0x00000000271c8800 JavaThread "pool-132-thread-1" [_thread_blocked, id=844, stack(0x0000000070f30000,0x0000000071030000)]
  0x00000000201e5800 JavaThread "pool-105-thread-4" [_thread_blocked, id=2184, stack(0x000000006d030000,0x000000006d130000)]
  0x00000000201e4800 JavaThread "pool-105-thread-3" [_thread_blocked, id=9980, stack(0x000000006cf30000,0x000000006d030000)]
  0x00000000201e4000 JavaThread "pool-105-thread-2" [_thread_blocked, id=6820, stack(0x000000006ce30000,0x000000006cf30000)]
  0x00000000201dc800 JavaThread "pool-105-thread-1" [_thread_blocked, id=7672, stack(0x000000006cd30000,0x000000006ce30000)]
  0x00000000201e2800 JavaThread "ForkJoinPool.commonPool-worker-12" daemon [_thread_blocked, id=11364, stack(0x000000006cc30000,0x000000006cd30000)]
  0x00000000201e1000 JavaThread "ForkJoinPool.commonPool-worker-3" daemon [_thread_blocked, id=4884, stack(0x000000006cb30000,0x000000006cc30000)]
  0x00000000201df800 JavaThread "ForkJoinPool.commonPool-worker-10" daemon [_thread_blocked, id=5444, stack(0x000000006ca30000,0x000000006cb30000)]
  0x00000000201da000 JavaThread "ForkJoinPool.commonPool-worker-1" daemon [_thread_blocked, id=5404, stack(0x000000006c930000,0x000000006ca30000)]
  0x000000001ce23000 JavaThread "ForkJoinPool.commonPool-worker-8" daemon [_thread_blocked, id=4564, stack(0x000000006c830000,0x000000006c930000)]
  0x000000001ce21800 JavaThread "ForkJoinPool.commonPool-worker-15" daemon [_thread_blocked, id=2920, stack(0x000000006c730000,0x000000006c830000)]
  0x000000001ce20000 JavaThread "ForkJoinPool.commonPool-worker-6" daemon [_thread_blocked, id=9984, stack(0x000000006c630000,0x000000006c730000)]
  0x000000001ce1e800 JavaThread "ForkJoinPool.commonPool-worker-13" daemon [_thread_blocked, id=6812, stack(0x000000006c530000,0x000000006c630000)]
  0x000000001ce1f000 JavaThread "Keep-Alive-Timer" daemon [_thread_blocked, id=2188, stack(0x000000006ba30000,0x000000006bb30000)]
  0x000000001ce1d000 JavaThread "Cache worker for Java compile cache (C:\Users\Malec\Documents\GitHub\INO\.gradle\4.1\javaCompile)" [_thread_blocked, id=964, stack(0x000000006b630000,0x000000006b730000)]
  0x000000001ce24800 JavaThread "Java2D Disposer" daemon [_thread_blocked, id=5948, stack(0x0000000068930000,0x0000000068a30000)]
  0x000000001ce1a800 JavaThread "Worker Daemon Execution Thread 7" [_thread_blocked, id=8872, stack(0x0000000067e30000,0x0000000067f30000)]
  0x000000001ce1b800 JavaThread "Worker Daemon Execution Thread 6" [_thread_blocked, id=8444, stack(0x0000000067d30000,0x0000000067e30000)]
  0x000000001ce16000 JavaThread "Worker Daemon Execution Thread 5" [_thread_blocked, id=4112, stack(0x0000000067c30000,0x0000000067d30000)]
  0x000000001ce19000 JavaThread "Worker Daemon Execution Thread 4" [_thread_blocked, id=10616, stack(0x0000000067b30000,0x0000000067c30000)]
  0x000000001ce1a000 JavaThread "Worker Daemon Execution Thread 3" [_thread_blocked, id=8796, stack(0x0000000067a30000,0x0000000067b30000)]
  0x000000001ce1c000 JavaThread "Worker Daemon Execution Thread 2" [_thread_blocked, id=7864, stack(0x0000000067930000,0x0000000067a30000)]
  0x000000001ce18800 JavaThread "Worker Daemon Execution" [_thread_blocked, id=11816, stack(0x0000000067830000,0x0000000067930000)]
  0x0000000020c0b800 JavaThread "Task worker for ':' Thread 7" [_thread_blocked, id=6288, stack(0x0000000067730000,0x0000000067830000)]
  0x0000000020c06000 JavaThread "Task worker for ':' Thread 6" [_thread_blocked, id=4888, stack(0x0000000067630000,0x0000000067730000)]
  0x0000000020c09000 JavaThread "Task worker for ':' Thread 5" [_thread_blocked, id=1268, stack(0x0000000067530000,0x0000000067630000)]
  0x0000000020c0a000 JavaThread "Task worker for ':' Thread 4" [_thread_blocked, id=9796, stack(0x0000000067430000,0x0000000067530000)]
  0x0000000020c08800 JavaThread "Task worker for ':' Thread 3" [_thread_blocked, id=12048, stack(0x0000000067330000,0x0000000067430000)]
  0x0000000020bfe800 JavaThread "Task worker for ':' Thread 2" [_thread_blocked, id=6668, stack(0x0000000067230000,0x0000000067330000)]
  0x0000000020c05800 JavaThread "Task worker for ':'" [_thread_blocked, id=3308, stack(0x0000000067130000,0x0000000067230000)]
  0x0000000020bfe000 JavaThread "Cache worker for task history cache (C:\Users\Malec\Documents\GitHub\INO\.gradle\4.1\taskHistory)" [_thread_blocked, id=7836, stack(0x0000000067030000,0x0000000067130000)]
  0x0000000020c04800 JavaThread "Cache worker for file content cache (C:\Users\Malec\Documents\GitHub\INO\.gradle\4.1\fileContent)" [_thread_blocked, id=1300, stack(0x0000000066f30000,0x0000000067030000)]
  0x0000000020bfd000 JavaThread "build operations Thread 8" [_thread_blocked, id=1564, stack(0x0000000066e30000,0x0000000066f30000)]
  0x0000000020c02800 JavaThread "build operations Thread 7" [_thread_blocked, id=9356, stack(0x0000000066d30000,0x0000000066e30000)]
  0x0000000020c04000 JavaThread "build operations Thread 6" [_thread_blocked, id=3736, stack(0x0000000066c30000,0x0000000066d30000)]
  0x0000000020c01800 JavaThread "build operations Thread 5" [_thread_blocked, id=10036, stack(0x0000000066b30000,0x0000000066c30000)]
  0x0000000020c01000 JavaThread "build operations Thread 4" [_thread_blocked, id=11196, stack(0x0000000066a30000,0x0000000066b30000)]
  0x0000000020bfc800 JavaThread "build operations Thread 3" [_thread_blocked, id=7388, stack(0x0000000066930000,0x0000000066a30000)]
  0x0000000020c00000 JavaThread "build operations Thread 2" [_thread_blocked, id=10476, stack(0x0000000066830000,0x0000000066930000)]
  0x0000000020c03000 JavaThread "build operations" [_thread_blocked, id=6304, stack(0x0000000066730000,0x0000000066830000)]
  0x000000001d648800 JavaThread "Cache worker for Artifact transforms cache (C:\Users\Malec\.gradle\caches\transforms-1)" [_thread_blocked, id=748, stack(0x0000000066630000,0x0000000066730000)]
  0x000000001d648000 JavaThread "Cache worker for file hash cache (C:\Users\Malec\Documents\GitHub\INO\.gradle\4.1\fileHashes)" [_thread_blocked, id=2648, stack(0x0000000066530000,0x0000000066630000)]
  0x000000001d64e800 JavaThread "Stdin handler" [_thread_blocked, id=8088, stack(0x0000000066430000,0x0000000066530000)]
  0x000000001d647000 JavaThread "Asynchronous log dispatcher for DefaultDaemonConnection: socket connection from /127.0.0.1:56533 to /127.0.0.1:58324" [_thread_blocked, id=7368, stack(0x0000000066330000,0x0000000066430000)]
  0x000000001d649800 JavaThread "Daemon worker Thread 31" [_thread_blocked, id=7592, stack(0x0000000066230000,0x0000000066330000)]
  0x000000001d64d000 JavaThread "Cancel handler" [_thread_blocked, id=3572, stack(0x0000000066130000,0x0000000066230000)]
  0x000000001d64b800 JavaThread "Handler for socket connection from /127.0.0.1:56533 to /127.0.0.1:58324" [_thread_in_native, id=2748, stack(0x0000000066030000,0x0000000066130000)]
  0x000000001d64b000 JavaThread "Daemon Thread 31" [_thread_blocked, id=10932, stack(0x0000000065f30000,0x0000000066030000)]
  0x00000000201de000 JavaThread "Memory manager" [_thread_blocked, id=4488, stack(0x0000000022c20000,0x0000000022d20000)]
  0x00000000201dd000 JavaThread "pool-1-thread-1" [_thread_blocked, id=8024, stack(0x0000000022920000,0x0000000022a20000)]
  0x000000001c31a000 JavaThread "File lock request listener" [_thread_in_native, id=12176, stack(0x000000001e8f0000,0x000000001e9f0000)]
  0x000000001c319800 JavaThread "Cache worker for file hash cache (C:\Users\Malec\.gradle\caches\4.1\fileHashes)" [_thread_blocked, id=2704, stack(0x000000001e7f0000,0x000000001e8f0000)]
  0x000000001bd59800 JavaThread "Daemon periodic checks" [_thread_blocked, id=10900, stack(0x000000001ddf0000,0x000000001def0000)]
  0x000000001c33d800 JavaThread "Incoming local TCP Connector on port 56533" [_thread_in_native, id=10068, stack(0x000000001dbb0000,0x000000001dcb0000)]
  0x000000001a19b800 JavaThread "Service Thread" daemon [_thread_blocked, id=8120, stack(0x000000001acd0000,0x000000001add0000)]
  0x000000001a116800 JavaThread "C1 CompilerThread3" daemon [_thread_blocked, id=11028, stack(0x000000001abd0000,0x000000001acd0000)]
  0x000000001a110000 JavaThread "C2 CompilerThread2" daemon [_thread_blocked, id=10336, stack(0x000000001aad0000,0x000000001abd0000)]
  0x000000001a109000 JavaThread "C2 CompilerThread1" daemon [_thread_blocked, id=7840, stack(0x000000001a9d0000,0x000000001aad0000)]
  0x000000001a105800 JavaThread "C2 CompilerThread0" daemon [_thread_blocked, id=6512, stack(0x000000001a8d0000,0x000000001a9d0000)]
  0x000000001a104800 JavaThread "Attach Listener" daemon [_thread_blocked, id=3424, stack(0x000000001a7d0000,0x000000001a8d0000)]
  0x000000001822e800 JavaThread "Signal Dispatcher" daemon [_thread_blocked, id=10652, stack(0x000000001a6d0000,0x000000001a7d0000)]
  0x000000000445e000 JavaThread "Finalizer" daemon [_thread_blocked, id=7244, stack(0x000000001a4e0000,0x000000001a5e0000)]
  0x0000000004457000 JavaThread "Reference Handler" daemon [_thread_blocked, id=12140, stack(0x0000000019fe0000,0x000000001a0e0000)]
  0x000000000420d800 JavaThread "main" [_thread_blocked, id=7720, stack(0x0000000004260000,0x0000000004360000)]

Other Threads:
  0x0000000018215000 VMThread [stack: 0x0000000019ee0000,0x0000000019fe0000] [id=9900]
  0x000000001a19c800 WatcherThread [stack: 0x000000001add0000,0x000000001aed0000] [id=10024]

=>0x0000000004378000 (exited) GCTaskThread [stack: 0x0000000013e30000,0x0000000013f30000] [id=1016]

VM state:at safepoint (normal execution)

VM Mutex/Monitor currently owned by a thread:  ([mutex/lock_event])
[0x000000000420cdf0] Threads_lock - owner thread: 0x0000000018215000
[0x000000000420c770] Heap_lock - owner thread: 0x00000000271cf800

Heap:
 PSYoungGen      total 359936K, used 350548K [0x00000000e0000000, 0x00000000fc380000, 0x0000000100000000)
  eden space 284160K, 100% used [0x00000000e0000000,0x00000000f1580000,0x00000000f1580000)
  from space 75776K, 87% used [0x00000000f6800000,0x00000000fa8d5110,0x00000000fb200000)
  to   space 84480K, 71% used [0x00000000f1580000,0x00000000f50413d8,0x00000000f6800000)
 ParOldGen       total 208384K, used 175374K [0x00000000a0000000, 0x00000000acb80000, 0x00000000e0000000)
  object space 208384K, 84% used [0x00000000a0000000,0x00000000aab45b88,0x00000000acb80000)
 Metaspace       used 112607K, capacity 121936K, committed 122880K, reserved 1155072K
  class space    used 13929K, capacity 16145K, committed 16384K, reserved 1048576K

Card table byte_map: [0x0000000013820000,0x0000000013b30000] byte_map_base: 0x0000000013320000

Marking Bits: (ParMarkBitMap*) 0x0000000074e13950
 Begin Bits: [0x0000000014530000, 0x0000000015d30000)
 End Bits:   [0x0000000015d30000, 0x0000000017530000)

Polling page: 0x00000000041a0000

CodeCache: size=245760Kb used=94700Kb max_used=95634Kb free=151059Kb
 bounds [0x0000000004460000, 0x000000000a2c0000, 0x0000000013460000]
 total_blobs=25182 nmethods=24163 adapters=929
 compilation: enabled

Compilation events (10 events):
Event: 11252.761 Thread 0x000000001a116800 32599       3       com.android.dx.dex.file.MemberIdsSection::orderItems (69 bytes)
Event: 11252.761 Thread 0x000000001a116800 nmethod 32599 0x0000000008f7ced0 code [0x0000000008f7d100, 0x0000000008f7db88]
Event: 11252.808 Thread 0x000000001a116800 32603       2       com.android.dx.rop.code.Rops::opIfGt (13 bytes)
Event: 11252.808 Thread 0x000000001a116800 nmethod 32603 0x0000000008f7cb50 code [0x0000000008f7ccc0, 0x0000000008f7ce48]
Event: 11252.808 Thread 0x000000001a116800 32604       2       com.android.dx.dex.code.form.Form22t::compatibleRegs (48 bytes)
Event: 11252.809 Thread 0x000000001a116800 nmethod 32604 0x0000000008e2ef90 code [0x0000000008e2f140, 0x0000000008e2f4c8]
Event: 11252.811 Thread 0x000000001a116800 32605   !   2       com.android.dx.dex.code.OutputFinisher::reverseBranch (73 bytes)
Event: 11252.813 Thread 0x000000001a116800 nmethod 32605 0x0000000004de7190 code [0x0000000004de73a0, 0x0000000004de7b08]
Event: 11252.813 Thread 0x000000001a116800 32606       2       com.android.dx.dex.code.TargetInsn::withNewTargetAndReversed (26 bytes)
Event: 11252.813 Thread 0x000000001a116800 nmethod 32606 0x0000000004c52290 code [0x0000000004c52420, 0x0000000004c52728]

GC Heap History (10 events):
Event: 11249.552 GC heap after
Heap after GC invocations=76 (full 4):
 PSYoungGen      total 271872K, used 36152K [0x00000000e0000000, 0x00000000f3b80000, 0x0000000100000000)
  eden space 231424K, 0% used [0x00000000e0000000,0x00000000e0000000,0x00000000ee200000)
  from space 40448K, 89% used [0x00000000f0d80000,0x00000000f30ce3d8,0x00000000f3500000)
  to   space 44544K, 0% used [0x00000000ee200000,0x00000000ee200000,0x00000000f0d80000)
 ParOldGen       total 208384K, used 83084K [0x00000000a0000000, 0x00000000acb80000, 0x00000000e0000000)
  object space 208384K, 39% used [0x00000000a0000000,0x00000000a5123220,0x00000000acb80000)
 Metaspace       used 112369K, capacity 121648K, committed 122496K, reserved 1155072K
  class space    used 13922K, capacity 16113K, committed 16256K, reserved 1048576K
}
Event: 11250.069 GC heap before
{Heap before GC invocations=77 (full 4):
 PSYoungGen      total 271872K, used 267576K [0x00000000e0000000, 0x00000000f3b80000, 0x0000000100000000)
  eden space 231424K, 100% used [0x00000000e0000000,0x00000000ee200000,0x00000000ee200000)
  from space 40448K, 89% used [0x00000000f0d80000,0x00000000f30ce3d8,0x00000000f3500000)
  to   space 44544K, 0% used [0x00000000ee200000,0x00000000ee200000,0x00000000f0d80000)
 ParOldGen       total 208384K, used 83084K [0x00000000a0000000, 0x00000000acb80000, 0x00000000e0000000)
  object space 208384K, 39% used [0x00000000a0000000,0x00000000a5123220,0x00000000acb80000)
 Metaspace       used 112519K, capacity 121872K, committed 122880K, reserved 1155072K
  class space    used 13929K, capacity 16145K, committed 16384K, reserved 1048576K
Event: 11250.138 GC heap after
Heap after GC invocations=77 (full 4):
 PSYoungGen      total 275968K, used 44535K [0x00000000e0000000, 0x00000000f7280000, 0x0000000100000000)
  eden space 231424K, 0% used [0x00000000e0000000,0x00000000e0000000,0x00000000ee200000)
  from space 44544K, 99% used [0x00000000ee200000,0x00000000f0d7def0,0x00000000f0d80000)
  to   space 55808K, 0% used [0x00000000f3c00000,0x00000000f3c00000,0x00000000f7280000)
 ParOldGen       total 208384K, used 96605K [0x00000000a0000000, 0x00000000acb80000, 0x00000000e0000000)
  object space 208384K, 46% used [0x00000000a0000000,0x00000000a5e57610,0x00000000acb80000)
 Metaspace       used 112519K, capacity 121872K, committed 122880K, reserved 1155072K
  class space    used 13929K, capacity 16145K, committed 16384K, reserved 1048576K
}
Event: 11250.639 GC heap before
{Heap before GC invocations=78 (full 4):
 PSYoungGen      total 275968K, used 275959K [0x00000000e0000000, 0x00000000f7280000, 0x0000000100000000)
  eden space 231424K, 100% used [0x00000000e0000000,0x00000000ee200000,0x00000000ee200000)
  from space 44544K, 99% used [0x00000000ee200000,0x00000000f0d7def0,0x00000000f0d80000)
  to   space 55808K, 0% used [0x00000000f3c00000,0x00000000f3c00000,0x00000000f7280000)
 ParOldGen       total 208384K, used 96605K [0x00000000a0000000, 0x00000000acb80000, 0x00000000e0000000)
  object space 208384K, 46% used [0x00000000a0000000,0x00000000a5e57610,0x00000000acb80000)
 Metaspace       used 112541K, capacity 121872K, committed 122880K, reserved 1155072K
  class space    used 13929K, capacity 16145K, committed 16384K, reserved 1048576K
Event: 11250.738 GC heap after
Heap after GC invocations=78 (full 4):
 PSYoungGen      total 307200K, used 55782K [0x00000000e0000000, 0x00000000f9480000, 0x0000000100000000)
  eden space 251392K, 0% used [0x00000000e0000000,0x00000000e0000000,0x00000000ef580000)
  from space 55808K, 99% used [0x00000000f3c00000,0x00000000f7279948,0x00000000f7280000)
  to   space 72192K, 0% used [0x00000000ef580000,0x00000000ef580000,0x00000000f3c00000)
 ParOldGen       total 208384K, used 117552K [0x00000000a0000000, 0x00000000acb80000, 0x00000000e0000000)
  object space 208384K, 56% used [0x00000000a0000000,0x00000000a72cc258,0x00000000acb80000)
 Metaspace       used 112541K, capacity 121872K, committed 122880K, reserved 1155072K
  class space    used 13929K, capacity 16145K, committed 16384K, reserved 1048576K
}
Event: 11251.443 GC heap before
{Heap before GC invocations=79 (full 4):
 PSYoungGen      total 307200K, used 307174K [0x00000000e0000000, 0x00000000f9480000, 0x0000000100000000)
  eden space 251392K, 100% used [0x00000000e0000000,0x00000000ef580000,0x00000000ef580000)
  from space 55808K, 99% used [0x00000000f3c00000,0x00000000f7279948,0x00000000f7280000)
  to   space 72192K, 0% used [0x00000000ef580000,0x00000000ef580000,0x00000000f3c00000)
 ParOldGen       total 208384K, used 118434K [0x00000000a0000000, 0x00000000acb80000, 0x00000000e0000000)
  object space 208384K, 56% used [0x00000000a0000000,0x00000000a73a8960,0x00000000acb80000)
 Metaspace       used 112593K, capacity 121936K, committed 122880K, reserved 1155072K
  class space    used 13929K, capacity 16145K, committed 16384K, reserved 1048576K
Event: 11251.522 GC heap after
Heap after GC invocations=79 (full 4):
 PSYoungGen      total 323584K, used 51558K [0x00000000e0000000, 0x00000000fb200000, 0x0000000100000000)
  eden space 251392K, 0% used [0x00000000e0000000,0x00000000e0000000,0x00000000ef580000)
  from space 72192K, 71% used [0x00000000ef580000,0x00000000f27d9b08,0x00000000f3c00000)
  to   space 75776K, 0% used [0x00000000f6800000,0x00000000f6800000,0x00000000fb200000)
 ParOldGen       total 208384K, used 127402K [0x00000000a0000000, 0x00000000acb80000, 0x00000000e0000000)
  object space 208384K, 61% used [0x00000000a0000000,0x00000000a7c6abe8,0x00000000acb80000)
 Metaspace       used 112593K, capacity 121936K, committed 122880K, reserved 1155072K
  class space    used 13929K, capacity 16145K, committed 16384K, reserved 1048576K
}
Event: 11252.218 GC heap before
{Heap before GC invocations=80 (full 4):
 PSYoungGen      total 323584K, used 302950K [0x00000000e0000000, 0x00000000fb200000, 0x0000000100000000)
  eden space 251392K, 100% used [0x00000000e0000000,0x00000000ef580000,0x00000000ef580000)
  from space 72192K, 71% used [0x00000000ef580000,0x00000000f27d9b08,0x00000000f3c00000)
  to   space 75776K, 0% used [0x00000000f6800000,0x00000000f6800000,0x00000000fb200000)
 ParOldGen       total 208384K, used 127405K [0x00000000a0000000, 0x00000000acb80000, 0x00000000e0000000)
  object space 208384K, 61% used [0x00000000a0000000,0x00000000a7c6b6a0,0x00000000acb80000)
 Metaspace       used 112604K, capacity 121936K, committed 122880K, reserved 1155072K
  class space    used 13929K, capacity 16145K, committed 16384K, reserved 1048576K
Event: 11252.327 GC heap after
Heap after GC invocations=80 (full 4):
 PSYoungGen      total 359936K, used 66388K [0x00000000e0000000, 0x00000000fc380000, 0x0000000100000000)
  eden space 284160K, 0% used [0x00000000e0000000,0x00000000e0000000,0x00000000f1580000)
  from space 75776K, 87% used [0x00000000f6800000,0x00000000fa8d5110,0x00000000fb200000)
  to   space 84480K, 0% used [0x00000000f1580000,0x00000000f1580000,0x00000000f6800000)
 ParOldGen       total 208384K, used 142028K [0x00000000a0000000, 0x00000000acb80000, 0x00000000e0000000)
  object space 208384K, 68% used [0x00000000a0000000,0x00000000a8ab3220,0x00000000acb80000)
 Metaspace       used 112604K, capacity 121936K, committed 122880K, reserved 1155072K
  class space    used 13929K, capacity 16145K, committed 16384K, reserved 1048576K
}
Event: 11252.859 GC heap before
{Heap before GC invocations=81 (full 4):
 PSYoungGen      total 359936K, used 350548K [0x00000000e0000000, 0x00000000fc380000, 0x0000000100000000)
  eden space 284160K, 100% used [0x00000000e0000000,0x00000000f1580000,0x00000000f1580000)
  from space 75776K, 87% used [0x00000000f6800000,0x00000000fa8d5110,0x00000000fb200000)
  to   space 84480K, 0% used [0x00000000f1580000,0x00000000f1580000,0x00000000f6800000)
 ParOldGen       total 208384K, used 142028K [0x00000000a0000000, 0x00000000acb80000, 0x00000000e0000000)
  object space 208384K, 68% used [0x00000000a0000000,0x00000000a8ab3220,0x00000000acb80000)
 Metaspace       used 112607K, capacity 121936K, committed 122880K, reserved 1155072K
  class space    used 13929K, capacity 16145K, committed 16384K, reserved 1048576K

Deoptimization events (10 events):
Event: 11251.671 Thread 0x00000000201dc800 Uncommon trap: reason=unstable_if action=reinterpret pc=0x00000000097b9c30 method=com.android.dx.ssa.SsaMethod.getExitBlock()Lcom/android/dx/ssa/SsaBasicBlock; @ 4
Event: 11251.867 Thread 0x00000000201e4800 Uncommon trap: reason=unstable_if action=reinterpret pc=0x000000000844c460 method=com.android.dx.dex.code.OutputFinisher.hasLocalInfo(Lcom/android/dx/dex/code/DalvInsn;)Z @ 24
Event: 11251.868 Thread 0x00000000201e4800 Uncommon trap: reason=unstable_if action=reinterpret pc=0x00000000081be04c method=com.android.dx.dex.code.OutputFinisher.hasLocalInfo(Lcom/android/dx/dex/code/DalvInsn;)Z @ 24
Event: 11251.869 Thread 0x00000000201e4800 Uncommon trap: reason=unstable_if action=reinterpret pc=0x000000000700e870 method=com.android.dx.dex.code.OutputFinisher.hasLocalInfo(Lcom/android/dx/dex/code/DalvInsn;)Z @ 24
Event: 11251.869 Thread 0x00000000201e4800 Uncommon trap: reason=unstable_if action=reinterpret pc=0x0000000008d74304 method=com.android.dx.ssa.LocalVariableExtractor.doit()Lcom/android/dx/ssa/LocalVariableInfo; @ 7
Event: 11251.869 Thread 0x00000000201e4800 Uncommon trap: reason=unstable_if action=reinterpret pc=0x000000000996266c method=com.android.dx.rop.code.RegisterSpecSet.<init>(I)V @ 2
Event: 11251.900 Thread 0x00000000271d1800 Uncommon trap: reason=bimorphic action=maybe_recompile pc=0x0000000008046398 method=com.android.dx.cf.code.BytecodeArray.parseInstruction(ILcom/android/dx/cf/code/BytecodeArray$Visitor;)I @ 1549
Event: 11251.900 Thread 0x00000000271d1800 Uncommon trap: reason=bimorphic action=maybe_recompile pc=0x0000000008046398 method=com.android.dx.cf.code.BytecodeArray.parseInstruction(ILcom/android/dx/cf/code/BytecodeArray$Visitor;)I @ 1549
Event: 11252.156 Thread 0x00000000201e4800 Uncommon trap: reason=class_check action=maybe_recompile pc=0x0000000009b73180 method=com.android.dx.ssa.back.FirstFitLocalCombiningAllocator.findNextUnreservedRopReg(IILcom/android/dx/ssa/back/FirstFitLocalCombiningAllocator$Alignment;)I @ 60
Event: 11252.176 Thread 0x00000000201e4800 Uncommon trap: reason=class_check action=maybe_recompile pc=0x0000000009b73180 method=com.android.dx.ssa.back.FirstFitLocalCombiningAllocator.findNextUnreservedRopReg(IILcom/android/dx/ssa/back/FirstFitLocalCombiningAllocator$Alignment;)I @ 60

Classes redefined (0 events):
No events

Internal exceptions (10 events):
Event: 11251.424 Thread 0x000000001ce21800 Exception <a 'sun/nio/fs/WindowsException'> (0x00000000ef37ab70) thrown at [D:\src\AOSP-openjdk-cygwin\jdk8u\hotspot\src\share\vm\prims\jni.cpp, line 709]
Event: 11251.534 Thread 0x00000000201e2800 Exception <a 'sun/nio/fs/WindowsException'> (0x00000000e01eb4c8) thrown at [D:\src\AOSP-openjdk-cygwin\jdk8u\hotspot\src\share\vm\prims\jni.cpp, line 709]
Event: 11251.632 Thread 0x00000000201df800 Exception <a 'sun/nio/fs/WindowsException'> (0x00000000e2bb52f8) thrown at [D:\src\AOSP-openjdk-cygwin\jdk8u\hotspot\src\share\vm\prims\jni.cpp, line 709]
Event: 11251.635 Thread 0x00000000271d1800 Implicit null exception at 0x0000000009103864 to 0x0000000009106925
Event: 11251.685 Thread 0x00000000201e1000 Exception <a 'sun/nio/fs/WindowsException'> (0x00000000e3916ec0) thrown at [D:\src\AOSP-openjdk-cygwin\jdk8u\hotspot\src\share\vm\prims\jni.cpp, line 709]
Event: 11251.738 Thread 0x00000000201df800 Exception <a 'sun/nio/fs/WindowsException'> (0x00000000e2bd7858) thrown at [D:\src\AOSP-openjdk-cygwin\jdk8u\hotspot\src\share\vm\prims\jni.cpp, line 709]
Event: 11251.851 Thread 0x000000001ce1e800 Exception <a 'sun/nio/fs/WindowsException'> (0x00000000e4bbafa8) thrown at [D:\src\AOSP-openjdk-cygwin\jdk8u\hotspot\src\share\vm\prims\jni.cpp, line 709]
Event: 11251.856 Thread 0x000000001ce21800 Exception <a 'sun/nio/fs/WindowsException'> (0x00000000e0009b40) thrown at [D:\src\AOSP-openjdk-cygwin\jdk8u\hotspot\src\share\vm\prims\jni.cpp, line 709]
Event: 11251.910 Thread 0x000000001ce20000 Exception <a 'sun/nio/fs/WindowsException'> (0x00000000e7d4a1e0) thrown at [D:\src\AOSP-openjdk-cygwin\jdk8u\hotspot\src\share\vm\prims\jni.cpp, line 709]
Event: 11251.977 Thread 0x000000001ce20000 Exception <a 'sun/nio/fs/WindowsException'> (0x00000000e7d6d498) thrown at [D:\src\AOSP-openjdk-cygwin\jdk8u\hotspot\src\share\vm\prims\jni.cpp, line 709]

Events (10 events):
Event: 11252.840 Thread 0x00000000201e4800 DEOPT UNPACKING pc=0x00000000044a71bf sp=0x000000006d02e6a0 mode 0
Event: 11252.840 Thread 0x00000000201e4800 DEOPT PACKING pc=0x0000000009368f58 sp=0x000000006d02e840
Event: 11252.840 Thread 0x00000000201e4800 DEOPT UNPACKING pc=0x00000000044a71bf sp=0x000000006d02e688 mode 0
Event: 11252.846 Thread 0x00000000201e4800 DEOPT PACKING pc=0x0000000009772d6e sp=0x000000006d02e850
Event: 11252.846 Thread 0x00000000201e4800 DEOPT UNPACKING pc=0x00000000044a71bf sp=0x000000006d02e5a8 mode 0
Event: 11252.853 Thread 0x00000000271cb800 Thread exited: 0x00000000271cb800
Event: 11252.854 Thread 0x00000000271cc800 Thread exited: 0x00000000271cc800
Event: 11252.854 Thread 0x000000001d641000 DEOPT PACKING pc=0x00000000063bc9da sp=0x000000007282e980
Event: 11252.854 Thread 0x000000001d641000 DEOPT UNPACKING pc=0x00000000044a71bf sp=0x000000007282e710 mode 0
Event: 11252.859 Executing VM operation: ParallelGCFailedAllocation


Dynamic libraries:
0x00007ff7bfdc0000 - 0x00007ff7bfdf1000 	C:\Program Files\Android\Android Studio\jre\bin\java.exe
0x00007ffab26d0000 - 0x00007ffab28b0000 	C:\WINDOWS\SYSTEM32\ntdll.dll
0x00007ffab1dd0000 - 0x00007ffab1e7e000 	C:\WINDOWS\System32\KERNEL32.DLL
0x00007ffaaf100000 - 0x00007ffaaf366000 	C:\WINDOWS\System32\KERNELBASE.dll
0x00007ffab20c0000 - 0x00007ffab2161000 	C:\WINDOWS\System32\ADVAPI32.dll
0x00007ffaafd10000 - 0x00007ffaafdad000 	C:\WINDOWS\System32\msvcrt.dll
0x00007ffab0890000 - 0x00007ffab08eb000 	C:\WINDOWS\System32\sechost.dll
0x00007ffaafe60000 - 0x00007ffaaff7f000 	C:\WINDOWS\System32\RPCRT4.dll
0x00007ffab2170000 - 0x00007ffab22ff000 	C:\WINDOWS\System32\USER32.dll
0x00007ffaaeca0000 - 0x00007ffaaecc0000 	C:\WINDOWS\System32\win32u.dll
0x00007ffab0960000 - 0x00007ffab0988000 	C:\WINDOWS\System32\GDI32.dll
0x00007ffaaef60000 - 0x00007ffaaf0f3000 	C:\WINDOWS\System32\gdi32full.dll
0x00007ffaaedc0000 - 0x00007ffaaee5b000 	C:\WINDOWS\System32\msvcp_win.dll
0x00007ffaaee60000 - 0x00007ffaaef56000 	C:\WINDOWS\System32\ucrtbase.dll
0x00007ffaa2e80000 - 0x00007ffaa30e9000 	C:\WINDOWS\WinSxS\amd64_microsoft.windows.common-controls_6595b64144ccf1df_6.0.16299.248_none_15ced204935f55d7\COMCTL32.dll
0x00007ffab0580000 - 0x00007ffab0888000 	C:\WINDOWS\System32\combase.dll
0x00007ffaaf370000 - 0x00007ffaaf3e2000 	C:\WINDOWS\System32\bcryptPrimitives.dll
0x00007ffab03e0000 - 0x00007ffab040d000 	C:\WINDOWS\System32\IMM32.DLL
0x0000000074490000 - 0x0000000074562000 	C:\Program Files\Android\Android Studio\jre\jre\bin\msvcr100.dll
0x0000000074650000 - 0x0000000074e8e000 	C:\Program Files\Android\Android Studio\jre\jre\bin\server\jvm.dll
0x00007ffab03d0000 - 0x00007ffab03d8000 	C:\WINDOWS\System32\PSAPI.DLL
0x00007ffa9eab0000 - 0x00007ffa9eab9000 	C:\WINDOWS\SYSTEM32\WSOCK32.dll
0x00007ffaac500000 - 0x00007ffaac523000 	C:\WINDOWS\SYSTEM32\WINMM.dll
0x00007ffaa7b00000 - 0x00007ffaa7b0a000 	C:\WINDOWS\SYSTEM32\VERSION.dll
0x00007ffab2380000 - 0x00007ffab23ec000 	C:\WINDOWS\System32\WS2_32.dll
0x00007ffaac3f0000 - 0x00007ffaac41a000 	C:\WINDOWS\SYSTEM32\WINMMBASE.dll
0x00007ffaaecc0000 - 0x00007ffaaed0a000 	C:\WINDOWS\System32\cfgmgr32.dll
0x00007ffa9e5d0000 - 0x00007ffa9e5df000 	C:\Program Files\Android\Android Studio\jre\jre\bin\verify.dll
0x00007ffa973e0000 - 0x00007ffa97409000 	C:\Program Files\Android\Android Studio\jre\jre\bin\java.dll
0x00007ffa9b050000 - 0x00007ffa9b066000 	C:\Program Files\Android\Android Studio\jre\jre\bin\zip.dll
0x00007ffab0990000 - 0x00007ffab1dc6000 	C:\WINDOWS\System32\SHELL32.dll
0x00007ffaafdb0000 - 0x00007ffaafe56000 	C:\WINDOWS\System32\shcore.dll
0x00007ffaaf3f0000 - 0x00007ffaafb37000 	C:\WINDOWS\System32\windows.storage.dll
0x00007ffab0900000 - 0x00007ffab0951000 	C:\WINDOWS\System32\shlwapi.dll
0x00007ffaaea20000 - 0x00007ffaaea31000 	C:\WINDOWS\System32\kernel.appcore.dll
0x00007ffaaea60000 - 0x00007ffaaeaac000 	C:\WINDOWS\System32\powrprof.dll
0x00007ffaaeab0000 - 0x00007ffaaeacb000 	C:\WINDOWS\System32\profapi.dll
0x00007ffa944a0000 - 0x00007ffa944ba000 	C:\Program Files\Android\Android Studio\jre\jre\bin\net.dll
0x00007ffaadf60000 - 0x00007ffaadfc6000 	C:\WINDOWS\system32\mswsock.dll
0x00007ffa93f50000 - 0x00007ffa93f61000 	C:\Program Files\Android\Android Studio\jre\jre\bin\nio.dll
0x00007ffa8e9c0000 - 0x00007ffa8e9de000 	C:\Users\Malec\.gradle\native\25\windows-amd64\native-platform.dll
0x00007ffa9dc40000 - 0x00007ffa9dc4d000 	C:\Program Files\Android\Android Studio\jre\jre\bin\management.dll
0x00007ffaae750000 - 0x00007ffaae767000 	C:\WINDOWS\SYSTEM32\CRYPTSP.dll
0x00007ffaadb70000 - 0x00007ffaadba3000 	C:\WINDOWS\system32\rsaenh.dll
0x00007ffaae550000 - 0x00007ffaae575000 	C:\WINDOWS\SYSTEM32\bcrypt.dll
0x00007ffaae950000 - 0x00007ffaae979000 	C:\WINDOWS\SYSTEM32\USERENV.dll
0x00007ffaae120000 - 0x00007ffaae12b000 	C:\WINDOWS\SYSTEM32\CRYPTBASE.dll
0x00007ffaadcf0000 - 0x00007ffaadd29000 	C:\WINDOWS\SYSTEM32\IPHLPAPI.DLL
0x00007ffab08f0000 - 0x00007ffab08f8000 	C:\WINDOWS\System32\NSI.dll
0x00007ffaa87a0000 - 0x00007ffaa87b6000 	C:\WINDOWS\SYSTEM32\dhcpcsvc6.DLL
0x00007ffaa8780000 - 0x00007ffaa879a000 	C:\WINDOWS\SYSTEM32\dhcpcsvc.DLL
0x00007ffa8f5a0000 - 0x00007ffa8f5c4000 	C:\Program Files\Android\Android Studio\jre\jre\bin\sunec.dll
0x00007ffaadd30000 - 0x00007ffaadde6000 	C:\WINDOWS\SYSTEM32\DNSAPI.dll
0x00007ffaa5a50000 - 0x00007ffaa5a5a000 	C:\Windows\System32\rasadhlp.dll
0x00007ffaa6ec0000 - 0x00007ffaa6f30000 	C:\WINDOWS\System32\fwpuclnt.dll
0x00007ffa9c660000 - 0x00007ffa9c66b000 	C:\Program Files\Android\Android Studio\jre\jre\bin\sunmscapi.dll
0x00007ffaaead0000 - 0x00007ffaaec9e000 	C:\WINDOWS\System32\CRYPT32.dll
0x00007ffaaea40000 - 0x00007ffaaea52000 	C:\WINDOWS\System32\MSASN1.dll
0x00007ffaac650000 - 0x00007ffaac6d8000 	C:\WINDOWS\system32\apphelp.dll
0x00007ffa8eae0000 - 0x00007ffa8ec75000 	C:\Program Files\Android\Android Studio\jre\jre\bin\awt.dll
0x00007ffab23f0000 - 0x00007ffab24b5000 	C:\WINDOWS\System32\OLEAUT32.dll
0x00007ffaab610000 - 0x00007ffaabbc8000 	C:\WINDOWS\SYSTEM32\d2d1.dll
0x00007ffaac980000 - 0x00007ffaac9aa000 	C:\WINDOWS\system32\DWMAPI.DLL
0x00007ffaac890000 - 0x00007ffaac925000 	C:\WINDOWS\system32\uxtheme.dll
0x00007ffaad810000 - 0x00007ffaad841000 	C:\WINDOWS\SYSTEM32\ntmarta.dll
0x00007ffaae580000 - 0x00007ffaae748000 	C:\WINDOWS\SYSTEM32\dbghelp.dll

VM Arguments:
jvm_args: -Xmx1536m -Dfile.encoding=windows-1252 -Duser.country=US -Duser.language=en -Duser.variant 
java_command: org.gradle.launcher.daemon.bootstrap.GradleDaemon 4.1
java_class_path (initial): C:\Users\Malec\.gradle\wrapper\dists\gradle-4.1-all\bzyivzo6n839fup2jbap0tjew\gradle-4.1\lib\gradle-launcher-4.1.jar
Launcher Type: SUN_STANDARD

Environment Variables:
PATH=C:\ProgramData\Oracle\Java\javapath;C:\WINDOWS\system32;C:\WINDOWS;C:\WINDOWS\System32\Wbem;C:\WINDOWS\System32\WindowsPowerShell\v1.0\;C:\Program Files (x86)\NVIDIA Corporation\PhysX\Common;C:\Program Files\Git\cmd;C:\WINDOWS\system32;C:\WINDOWS;C:\WINDOWS\System32\Wbem;C:\WINDOWS\System32\WindowsPowerShell\v1.0\;C:\Program Files (x86)\GtkSharp\2.12\bin;C:\Users\Malec\AppData\Local\Microsoft\WindowsApps;C:\Users\Malec\AppData\Local\GitHubDesktop\bin;%USERPROFILE%\AppData\Local\Microsoft\WindowsApps;
USERNAME=Malec
OS=Windows_NT
PROCESSOR_IDENTIFIER=AMD64 Family 21 Model 2 Stepping 0, AuthenticAMD



---------------  S Y S T E M  ---------------

OS: Windows 10.0 , 64 bit Build 16299 (10.0.16299.15)

CPU:total 8 (initial active 8) (8 cores per cpu, 1 threads per core) family 21 model 2 stepping 0, cmov, cx8, fxsr, mmx, sse, sse2, sse3, ssse3, sse4.1, sse4.2, popcnt, avx, aes, clmul, mmxext, 3dnowpref, lzcnt, sse4a, tsc, tscinvbit, tscinv, bmi1

Memory: 4k page, physical 10451592k(3527820k free), swap 19273916k(10575740k free)

vm_info: OpenJDK 64-Bit Server VM (25.152-b01) for windows-amd64 JRE (1.8.0_152-release-915-b01), built by "builder" with MS VC++ 10.0 (VS2010)

time: Sat Feb 24 13:12:07 2018
elapsed time: 11252 seconds (0d 3h 7m 32s)

