#
# A fatal error has been detected by the Java Runtime Environment:
#
#  EXCEPTION_ACCESS_VIOLATION (0xc0000005) at pc=0x0000000066a2aa30, pid=5564, tid=0x0000000000001db0
#
# JRE version: OpenJDK Runtime Environment (8.0_152-b02) (build 1.8.0_152-release-1024-b02)
# Java VM: OpenJDK 64-Bit Server VM (25.152-b02 mixed mode windows-amd64 compressed oops)
# Problematic frame:
# V  [jvm.dll+0x8aa30]
#
# Failed to write core dump. Minidumps are not enabled by default on client versions of Windows
#
# If you would like to submit a bug report, please visit:
#   http://bugreport.java.com/bugreport/crash.jsp
#

---------------  T H R E A D  ---------------

Current thread (0x0000000002918800):  GCTaskThread [stack: 0x00000000123d0000,0x00000000124d0000] [id=7600]

siginfo: ExceptionCode=0xc0000005, reading address 0x0000000180001e00

Registers:
RAX=0x0000000012ad0000, RBX=0x00000000a0521c68, RCX=0x00000000a0521c68, RDX=0x0000000180001df8
RSP=0x00000000124cee88, RBP=0x00000000124cf020, RSI=0x00000000124cf790, RDI=0x00000000029f2260
R8 =0x000000000000000d, R9 =0x000000000000290e, R10=0x0000000000001463, R11=0x00000000a0521bf8
R12=0x00000000124cf7c8, R13=0x00000000124cf790, R14=0x000000000000002a, R15=0x0000000002918800
RIP=0x0000000066a2aa30, EFLAGS=0x0000000000010202

Top of Stack: (sp=0x00000000124cee88)
0x00000000124cee88:   0000000066a85ee7 000000001727e358
0x00000000124cee98:   00000000124cf020 00000000124cf790
0x00000000124ceea8:   000000000000000e 00000000029f2260
0x00000000124ceeb8:   0000000066a8d9a3 00000000a0521c68
0x00000000124ceec8:   000000000290e570 00000000124cf020
0x00000000124ceed8:   000000001db03b90 00000000124cf7e0
0x00000000124ceee8:   00000000669debee 0000000100097948
0x00000000124ceef8:   00000000124cf020 00000000124cf7e0
0x00000000124cef08:   00000000124cf790 0000000016566f70
0x00000000124cef18:   0000000066b88e13 000000002678eed8
0x00000000124cef28:   00000000124cf130 0000000000000000
0x00000000124cef38:   0000000002b42540 0000000002b42540
0x00000000124cef48:   0000000002b423d0 0000000002b4287c
0x00000000124cef58:   000000000000002a 00000000124cf160
0x00000000124cef68:   0000000002918800 0000000002b42540
0x00000000124cef78:   0000000066a676cb 0000000002b427e0 

Instructions: (pc=0x0000000066a2aa30)
0x0000000066a2aa10:   6c 4e 1d 00 48 8b 9c 24 c0 00 00 00 48 81 c4 b0
0x0000000066a2aa20:   00 00 00 5d c3 cc cc cc cc cc cc cc cc cc cc cc
0x0000000066a2aa30:   44 8b 42 08 4c 8b ca 45 85 c0 7e 0e 41 f6 c0 01
0x0000000066a2aa40:   75 57 41 c1 f8 03 41 8b c0 c3 79 4d 80 3d 7e fe 


Register to memory mapping:

RAX=0x0000000012ad0000 is an unknown value
RBX=
[error occurred during error reporting (printing register info), id 0xc0000005]

Stack: [0x00000000123d0000,0x00000000124d0000],  sp=0x00000000124cee88,  free space=1019k
Native frames: (J=compiled Java code, j=interpreted, Vv=VM code, C=native code)
V  [jvm.dll+0x8aa30]

JavaThread 0x000000001d3b7000 (nid = 8020) was being processed
Java frames: (J=compiled Java code, j=interpreted, Vv=VM code)
J 2769  sun.misc.Unsafe.park(ZJ)V (0 bytes) @ 0x0000000002b3c03b [0x0000000002b3c000+0x3b]
J 2802 C1 java.util.concurrent.locks.LockSupport.park(Ljava/lang/Object;)V (23 bytes) @ 0x0000000002b426d4 [0x0000000002b42540+0x194]
j  java.util.concurrent.locks.AbstractQueuedSynchronizer$ConditionObject.await()V+42
j  java.util.concurrent.ArrayBlockingQueue.take()Ljava/lang/Object;+20
j  org.gradle.cache.internal.CacheAccessWorker.takeFromQueue()Ljava/lang/Runnable;+4
j  org.gradle.cache.internal.CacheAccessWorker.run()V+17
J 7205 C1 org.gradle.internal.concurrent.ManagedExecutorImpl$1.run()V (57 bytes) @ 0x0000000003e755cc [0x0000000003e750c0+0x50c]
j  java.util.concurrent.ThreadPoolExecutor.runWorker(Ljava/util/concurrent/ThreadPoolExecutor$Worker;)V+95
j  java.util.concurrent.ThreadPoolExecutor$Worker.run()V+5
j  org.gradle.internal.concurrent.ThreadFactoryImpl$ManagedThreadRunnable.run()V+7
j  java.lang.Thread.run()V+11
v  ~StubRoutines::call_stub

---------------  P R O C E S S  ---------------

Java Threads: ( => current thread )
  0x000000001d3b7000 JavaThread "Cache worker for Java compile cache (C:\Users\Malec\Documents\GitHub\INO\.gradle\4.4\javaCompile)" [_thread_blocked, id=8020, stack(0x0000000026690000,0x0000000026790000)]
  0x000000001d3bd000 JavaThread "Task worker for ':' Thread 7" [_thread_blocked, id=1924, stack(0x0000000024990000,0x0000000024a90000)]
  0x000000001d3b9000 JavaThread "Task worker for ':' Thread 6" [_thread_blocked, id=12368, stack(0x0000000024890000,0x0000000024990000)]
  0x000000001d3bc000 JavaThread "Task worker for ':' Thread 5" [_thread_blocked, id=9752, stack(0x0000000024790000,0x0000000024890000)]
  0x000000001d3b8800 JavaThread "Task worker for ':' Thread 4" [_thread_blocked, id=10920, stack(0x0000000024690000,0x0000000024790000)]
  0x000000001d3bd800 JavaThread "Task worker for ':' Thread 3" [_thread_blocked, id=13524, stack(0x0000000024590000,0x0000000024690000)]
  0x000000001d3ba800 JavaThread "Task worker for ':' Thread 2" [_thread_blocked, id=12988, stack(0x0000000024490000,0x0000000024590000)]
  0x000000001d3b6000 JavaThread "Task worker for ':'" [_thread_blocked, id=8996, stack(0x0000000024390000,0x0000000024490000)]
  0x0000000019734000 JavaThread "Cache worker for Build Output Cleanup Cache (C:\Users\Malec\Documents\GitHub\INO\.gradle\buildOutputCleanup)" [_thread_blocked, id=9316, stack(0x0000000024090000,0x0000000024190000)]
  0x0000000019738800 JavaThread "Cache worker for task history cache (C:\Users\Malec\Documents\GitHub\INO\.gradle\4.4\taskHistory)" [_thread_blocked, id=5928, stack(0x0000000023f90000,0x0000000024090000)]
  0x0000000019736000 JavaThread "Cache worker for file content cache (C:\Users\Malec\Documents\GitHub\INO\.gradle\4.4\fileContent)" [_thread_blocked, id=13388, stack(0x0000000023e90000,0x0000000023f90000)]
  0x0000000019734800 JavaThread "Memory manager" [_thread_blocked, id=424, stack(0x0000000020f00000,0x0000000021000000)]
  0x0000000019737800 JavaThread "pool-1-thread-1" [_thread_blocked, id=2760, stack(0x0000000020c00000,0x0000000020d00000)]
  0x0000000019739000 JavaThread "build operations Thread 8" [_thread_blocked, id=13728, stack(0x0000000020700000,0x0000000020800000)]
  0x0000000019735800 JavaThread "build operations Thread 7" [_thread_blocked, id=10348, stack(0x0000000020600000,0x0000000020700000)]
  0x0000000019737000 JavaThread "build operations Thread 6" [_thread_blocked, id=1312, stack(0x0000000020500000,0x0000000020600000)]
  0x000000001a9ae000 JavaThread "build operations Thread 5" [_thread_blocked, id=10108, stack(0x0000000020400000,0x0000000020500000)]
  0x000000001a9aa800 JavaThread "build operations Thread 4" [_thread_blocked, id=5252, stack(0x0000000020300000,0x0000000020400000)]
  0x000000001a9ab000 JavaThread "build operations Thread 3" [_thread_blocked, id=3772, stack(0x0000000020200000,0x0000000020300000)]
  0x000000001a9ad800 JavaThread "build operations Thread 2" [_thread_blocked, id=12740, stack(0x0000000020100000,0x0000000020200000)]
  0x000000001a9a9000 JavaThread "build operations" [_thread_blocked, id=9356, stack(0x000000001f580000,0x000000001f680000)]
  0x000000001a9a7800 JavaThread "Cache worker for Artifact transforms cache (C:\Users\Malec\.gradle\caches\transforms-1)" [_thread_blocked, id=14052, stack(0x000000001e270000,0x000000001e370000)]
  0x000000001c49c000 JavaThread "Cache worker for file hash cache (C:\Users\Malec\Documents\GitHub\INO\.gradle\4.4\fileHashes)" [_thread_blocked, id=12228, stack(0x000000001d1a0000,0x000000001d2a0000)]
  0x000000001a726000 JavaThread "File lock request listener" [_thread_in_native, id=2644, stack(0x000000001c0d0000,0x000000001c1d0000)]
  0x000000001a727000 JavaThread "Cache worker for file hash cache (C:\Users\Malec\.gradle\caches\4.4\fileHashes)" [_thread_blocked, id=4628, stack(0x000000001bfd0000,0x000000001c0d0000)]
  0x000000001a677800 JavaThread "Stdin handler" [_thread_blocked, id=13668, stack(0x000000001bbd0000,0x000000001bcd0000)]
  0x000000001a673000 JavaThread "Asynchronous log dispatcher for DefaultDaemonConnection: socket connection from /127.0.0.1:51086 to /127.0.0.1:51087" [_thread_blocked, id=2032, stack(0x000000001bad0000,0x000000001bbd0000)]
  0x000000001a668800 JavaThread "Daemon worker" [_thread_blocked, id=11940, stack(0x000000001b9d0000,0x000000001bad0000)]
  0x000000001a65f800 JavaThread "Cancel handler" [_thread_blocked, id=10708, stack(0x000000001b8d0000,0x000000001b9d0000)]
  0x000000001a4f4800 JavaThread "Handler for socket connection from /127.0.0.1:51086 to /127.0.0.1:51087" [_thread_in_native, id=10652, stack(0x000000001b5d0000,0x000000001b6d0000)]
  0x000000001a4f1800 JavaThread "Daemon" [_thread_blocked, id=12148, stack(0x000000001b4d0000,0x000000001b5d0000)]
  0x000000001a4d5000 JavaThread "Daemon periodic checks" [_thread_blocked, id=7992, stack(0x000000001b3d0000,0x000000001b4d0000)]
  0x000000001a4cc800 JavaThread "Incoming local TCP Connector on port 51086" [_thread_in_native, id=5124, stack(0x000000001b190000,0x000000001b290000)]
  0x000000001874c800 JavaThread "Service Thread" daemon [_thread_blocked, id=3716, stack(0x0000000019280000,0x0000000019380000)]
  0x00000000186cf000 JavaThread "C1 CompilerThread3" daemon [_thread_blocked, id=3032, stack(0x0000000019180000,0x0000000019280000)]
  0x00000000186c1000 JavaThread "C2 CompilerThread2" daemon [_thread_blocked, id=5744, stack(0x0000000019080000,0x0000000019180000)]
  0x00000000186bb800 JavaThread "C2 CompilerThread1" daemon [_thread_blocked, id=8888, stack(0x0000000018f80000,0x0000000019080000)]
  0x00000000186b7800 JavaThread "C2 CompilerThread0" daemon [_thread_blocked, id=11304, stack(0x0000000018e80000,0x0000000018f80000)]
  0x00000000186b6000 JavaThread "Attach Listener" daemon [_thread_blocked, id=3644, stack(0x0000000018d80000,0x0000000018e80000)]
  0x00000000186c5800 JavaThread "Signal Dispatcher" daemon [_thread_blocked, id=4024, stack(0x0000000018c80000,0x0000000018d80000)]
  0x00000000029f9800 JavaThread "Finalizer" daemon [_thread_blocked, id=13024, stack(0x0000000018a90000,0x0000000018b90000)]
  0x00000000029f7800 JavaThread "Reference Handler" daemon [_thread_blocked, id=10680, stack(0x0000000018590000,0x0000000018690000)]
  0x0000000002900800 JavaThread "main" [_thread_blocked, id=7836, stack(0x0000000002780000,0x0000000002880000)]

Other Threads:
  0x00000000167b7800 VMThread [stack: 0x0000000018490000,0x0000000018590000] [id=1116]
  0x000000001874d000 WatcherThread [stack: 0x0000000019380000,0x0000000019480000] [id=13828]

=>0x0000000002918800 (exited) GCTaskThread [stack: 0x00000000123d0000,0x00000000124d0000] [id=7600]

VM state:at safepoint (normal execution)

VM Mutex/Monitor currently owned by a thread:  ([mutex/lock_event])
[0x00000000028fbfa0] Threads_lock - owner thread: 0x00000000167b7800
[0x00000000028fc220] Heap_lock - owner thread: 0x000000001d3b6000

Heap:
 PSYoungGen      total 219648K, used 19860K [0x00000000e0000000, 0x00000000f2800000, 0x0000000100000000)
  eden space 193536K, 0% used [0x00000000e0000000,0x00000000e0000000,0x00000000ebd00000)
  from space 26112K, 76% used [0x00000000ebd00000,0x00000000ed065338,0x00000000ed680000)
  to   space 27136K, 0% used [0x00000000f0d80000,0x00000000f0d80000,0x00000000f2800000)
 ParOldGen       total 120320K, used 29835K [0x00000000a0000000, 0x00000000a7580000, 0x00000000e0000000)
  object space 120320K, 24% used [0x00000000a0000000,0x00000000a1d22e68,0x00000000a7580000)
 Metaspace       used 57055K, capacity 58856K, committed 58968K, reserved 1099776K
  class space    used 7809K, capacity 8237K, committed 8320K, reserved 1048576K

Card table byte_map: [0x0000000011dc0000,0x00000000120d0000] byte_map_base: 0x00000000118c0000

Marking Bits: (ParMarkBitMap*) 0x0000000067164970
 Begin Bits: [0x0000000012ad0000, 0x00000000142d0000)
 End Bits:   [0x00000000142d0000, 0x0000000015ad0000)

Polling page: 0x00000000005f0000

CodeCache: size=245760Kb used=22290Kb max_used=22321Kb free=223469Kb
 bounds [0x0000000002a00000, 0x0000000004010000, 0x0000000011a00000]
 total_blobs=7305 nmethods=6530 adapters=688
 compilation: enabled

Compilation events (10 events):
Event: 18.145 Thread 0x00000000186cf000 nmethod 7610 0x0000000002fc71d0 code [0x0000000002fc7340, 0x0000000002fc75b0]
Event: 18.145 Thread 0x00000000186cf000 7611       3       com.google.common.cache.Striped64::<init> (5 bytes)
Event: 18.145 Thread 0x00000000186cf000 nmethod 7611 0x0000000002bfb7d0 code [0x0000000002bfb940, 0x0000000002bfbb50]
Event: 18.148 Thread 0x00000000186b7800 nmethod 7594 0x0000000002d805d0 code [0x0000000002d80740, 0x0000000002d80a78]
Event: 18.148 Thread 0x00000000186b7800 7579       4       org.gradle.api.internal.tasks.compile.InnerClassMember::compareTo (9 bytes)
Event: 18.152 Thread 0x00000000186b7800 nmethod 7579 0x0000000003197d50 code [0x0000000003197ee0, 0x0000000003198458]
Event: 18.155 Thread 0x00000000186bb800 nmethod 7587 0x0000000003feba50 code [0x0000000003fec0c0, 0x0000000003feeab0]
Event: 18.186 Thread 0x00000000186b7800 7612       4       com.google.common.collect.MapMakerInternalMap::hash (14 bytes)
Event: 18.189 Thread 0x00000000186b7800 nmethod 7612 0x00000000031922d0 code [0x0000000003192420, 0x00000000031925b8]
Event: 18.243 Thread 0x00000000186c1000 nmethod 7588 0x0000000003ff6ad0 code [0x0000000003ff76a0, 0x0000000003ffe298]

GC Heap History (10 events):
Event: 8.973 GC heap after
Heap after GC invocations=9 (full 2):
 PSYoungGen      total 133632K, used 13234K [0x00000000e0000000, 0x00000000ebf00000, 0x0000000100000000)
  eden space 120320K, 0% used [0x00000000e0000000,0x00000000e0000000,0x00000000e7580000)
  from space 13312K, 99% used [0x00000000e7580000,0x00000000e826c930,0x00000000e8280000)
  to   space 14848K, 0% used [0x00000000eb080000,0x00000000eb080000,0x00000000ebf00000)
 ParOldGen       total 120320K, used 18243K [0x00000000a0000000, 0x00000000a7580000, 0x00000000e0000000)
  object space 120320K, 15% used [0x00000000a0000000,0x00000000a11d0ea8,0x00000000a7580000)
 Metaspace       used 40666K, capacity 41504K, committed 41688K, reserved 1085440K
  class space    used 5564K, capacity 5827K, committed 5888K, reserved 1048576K
}
Event: 11.373 GC heap before
{Heap before GC invocations=10 (full 2):
 PSYoungGen      total 133632K, used 133554K [0x00000000e0000000, 0x00000000ebf00000, 0x0000000100000000)
  eden space 120320K, 100% used [0x00000000e0000000,0x00000000e7580000,0x00000000e7580000)
  from space 13312K, 99% used [0x00000000e7580000,0x00000000e826c930,0x00000000e8280000)
  to   space 14848K, 0% used [0x00000000eb080000,0x00000000eb080000,0x00000000ebf00000)
 ParOldGen       total 120320K, used 18243K [0x00000000a0000000, 0x00000000a7580000, 0x00000000e0000000)
  object space 120320K, 15% used [0x00000000a0000000,0x00000000a11d0ea8,0x00000000a7580000)
 Metaspace       used 51893K, capacity 53524K, committed 53720K, reserved 1095680K
  class space    used 7156K, capacity 7558K, committed 7680K, reserved 1048576K
Event: 11.398 GC heap after
Heap after GC invocations=10 (full 2):
 PSYoungGen      total 176128K, used 14844K [0x00000000e0000000, 0x00000000ec700000, 0x0000000100000000)
  eden space 161280K, 0% used [0x00000000e0000000,0x00000000e0000000,0x00000000e9d80000)
  from space 14848K, 99% used [0x00000000eb080000,0x00000000ebeff338,0x00000000ebf00000)
  to   space 19456K, 0% used [0x00000000e9d80000,0x00000000e9d80000,0x00000000eb080000)
 ParOldGen       total 120320K, used 24288K [0x00000000a0000000, 0x00000000a7580000, 0x00000000e0000000)
  object space 120320K, 20% used [0x00000000a0000000,0x00000000a17b8200,0x00000000a7580000)
 Metaspace       used 51893K, capacity 53524K, committed 53720K, reserved 1095680K
  class space    used 7156K, capacity 7558K, committed 7680K, reserved 1048576K
}
Event: 16.003 GC heap before
{Heap before GC invocations=11 (full 2):
 PSYoungGen      total 176128K, used 176124K [0x00000000e0000000, 0x00000000ec700000, 0x0000000100000000)
  eden space 161280K, 100% used [0x00000000e0000000,0x00000000e9d80000,0x00000000e9d80000)
  from space 14848K, 99% used [0x00000000eb080000,0x00000000ebeff338,0x00000000ebf00000)
  to   space 19456K, 0% used [0x00000000e9d80000,0x00000000e9d80000,0x00000000eb080000)
 ParOldGen       total 120320K, used 24288K [0x00000000a0000000, 0x00000000a7580000, 0x00000000e0000000)
  object space 120320K, 20% used [0x00000000a0000000,0x00000000a17b8200,0x00000000a7580000)
 Metaspace       used 56781K, capacity 58554K, committed 58712K, reserved 1099776K
  class space    used 7768K, capacity 8203K, committed 8320K, reserved 1048576K
Event: 16.034 GC heap after
Heap after GC invocations=11 (full 2):
 PSYoungGen      total 180736K, used 19428K [0x00000000e0000000, 0x00000000eee80000, 0x0000000100000000)
  eden space 161280K, 0% used [0x00000000e0000000,0x00000000e0000000,0x00000000e9d80000)
  from space 19456K, 99% used [0x00000000e9d80000,0x00000000eb079348,0x00000000eb080000)
  to   space 24576K, 0% used [0x00000000ed680000,0x00000000ed680000,0x00000000eee80000)
 ParOldGen       total 120320K, used 29819K [0x00000000a0000000, 0x00000000a7580000, 0x00000000e0000000)
  object space 120320K, 24% used [0x00000000a0000000,0x00000000a1d1ee68,0x00000000a7580000)
 Metaspace       used 56781K, capacity 58554K, committed 58712K, reserved 1099776K
  class space    used 7768K, capacity 8203K, committed 8320K, reserved 1048576K
}
Event: 17.564 GC heap before
{Heap before GC invocations=12 (full 2):
 PSYoungGen      total 180736K, used 180708K [0x00000000e0000000, 0x00000000eee80000, 0x0000000100000000)
  eden space 161280K, 100% used [0x00000000e0000000,0x00000000e9d80000,0x00000000e9d80000)
  from space 19456K, 99% used [0x00000000e9d80000,0x00000000eb079348,0x00000000eb080000)
  to   space 24576K, 0% used [0x00000000ed680000,0x00000000ed680000,0x00000000eee80000)
 ParOldGen       total 120320K, used 29819K [0x00000000a0000000, 0x00000000a7580000, 0x00000000e0000000)
  object space 120320K, 24% used [0x00000000a0000000,0x00000000a1d1ee68,0x00000000a7580000)
 Metaspace       used 56846K, capacity 58618K, committed 58968K, reserved 1099776K
  class space    used 7772K, capacity 8203K, committed 8320K, reserved 1048576K
Event: 17.591 GC heap after
Heap after GC invocations=12 (full 2):
 PSYoungGen      total 218112K, used 19908K [0x00000000e0000000, 0x00000000ef500000, 0x0000000100000000)
  eden space 193536K, 0% used [0x00000000e0000000,0x00000000e0000000,0x00000000ebd00000)
  from space 24576K, 81% used [0x00000000ed680000,0x00000000ee9f1348,0x00000000eee80000)
  to   space 26112K, 0% used [0x00000000ebd00000,0x00000000ebd00000,0x00000000ed680000)
 ParOldGen       total 120320K, used 29827K [0x00000000a0000000, 0x00000000a7580000, 0x00000000e0000000)
  object space 120320K, 24% used [0x00000000a0000000,0x00000000a1d20e68,0x00000000a7580000)
 Metaspace       used 56846K, capacity 58618K, committed 58968K, reserved 1099776K
  class space    used 7772K, capacity 8203K, committed 8320K, reserved 1048576K
}
Event: 18.247 GC heap before
{Heap before GC invocations=13 (full 2):
 PSYoungGen      total 218112K, used 140925K [0x00000000e0000000, 0x00000000ef500000, 0x0000000100000000)
  eden space 193536K, 62% used [0x00000000e0000000,0x00000000e762e138,0x00000000ebd00000)
  from space 24576K, 81% used [0x00000000ed680000,0x00000000ee9f1348,0x00000000eee80000)
  to   space 26112K, 0% used [0x00000000ebd00000,0x00000000ebd00000,0x00000000ed680000)
 ParOldGen       total 120320K, used 29827K [0x00000000a0000000, 0x00000000a7580000, 0x00000000e0000000)
  object space 120320K, 24% used [0x00000000a0000000,0x00000000a1d20e68,0x00000000a7580000)
 Metaspace       used 57055K, capacity 58856K, committed 58968K, reserved 1099776K
  class space    used 7809K, capacity 8237K, committed 8320K, reserved 1048576K
Event: 18.269 GC heap after
Heap after GC invocations=13 (full 2):
 PSYoungGen      total 219648K, used 19860K [0x00000000e0000000, 0x00000000f2800000, 0x0000000100000000)
  eden space 193536K, 0% used [0x00000000e0000000,0x00000000e0000000,0x00000000ebd00000)
  from space 26112K, 76% used [0x00000000ebd00000,0x00000000ed065338,0x00000000ed680000)
  to   space 27136K, 0% used [0x00000000f0d80000,0x00000000f0d80000,0x00000000f2800000)
 ParOldGen       total 120320K, used 29835K [0x00000000a0000000, 0x00000000a7580000, 0x00000000e0000000)
  object space 120320K, 24% used [0x00000000a0000000,0x00000000a1d22e68,0x00000000a7580000)
 Metaspace       used 57055K, capacity 58856K, committed 58968K, reserved 1099776K
  class space    used 7809K, capacity 8237K, committed 8320K, reserved 1048576K
}
Event: 18.270 GC heap before
{Heap before GC invocations=14 (full 3):
 PSYoungGen      total 219648K, used 19860K [0x00000000e0000000, 0x00000000f2800000, 0x0000000100000000)
  eden space 193536K, 0% used [0x00000000e0000000,0x00000000e0000000,0x00000000ebd00000)
  from space 26112K, 76% used [0x00000000ebd00000,0x00000000ed065338,0x00000000ed680000)
  to   space 27136K, 0% used [0x00000000f0d80000,0x00000000f0d80000,0x00000000f2800000)
 ParOldGen       total 120320K, used 29835K [0x00000000a0000000, 0x00000000a7580000, 0x00000000e0000000)
  object space 120320K, 24% used [0x00000000a0000000,0x00000000a1d22e68,0x00000000a7580000)
 Metaspace       used 57055K, capacity 58856K, committed 58968K, reserved 1099776K
  class space    used 7809K, capacity 8237K, committed 8320K, reserved 1048576K

Deoptimization events (10 events):
Event: 17.144 Thread 0x000000001d3b6000 Uncommon trap: reason=unstable_if action=reinterpret pc=0x0000000003bcae00 method=java.nio.Buffer.limit(I)Ljava/nio/Buffer; @ 33
Event: 17.275 Thread 0x000000001d3b6000 Uncommon trap: reason=unstable_if action=reinterpret pc=0x0000000003f73010 method=org.objectweb.asm.ClassWriter.visit(IILjava/lang/String;Ljava/lang/String;Ljava/lang/String;[Ljava/lang/String;)V @ 42
Event: 17.597 Thread 0x000000001d3b6000 Uncommon trap: reason=class_check action=maybe_recompile pc=0x0000000003f9801c method=org.gradle.api.internal.tasks.compile.ApiMemberSelector.visitAnnotationValue(Lorg/objectweb/asm/AnnotationVisitor;Lorg/gradle/api/internal/tasks/compile/AnnotationValue;
Event: 17.625 Thread 0x000000001d3b6000 Uncommon trap: reason=class_check action=maybe_recompile pc=0x0000000003f9801c method=org.gradle.api.internal.tasks.compile.ApiMemberSelector.visitAnnotationValue(Lorg/objectweb/asm/AnnotationVisitor;Lorg/gradle/api/internal/tasks/compile/AnnotationValue;
Event: 17.693 Thread 0x000000001d3b6000 Uncommon trap: reason=class_check action=maybe_recompile pc=0x0000000003f9801c method=org.gradle.api.internal.tasks.compile.ApiMemberSelector.visitAnnotationValue(Lorg/objectweb/asm/AnnotationVisitor;Lorg/gradle/api/internal/tasks/compile/AnnotationValue;
Event: 17.693 Thread 0x000000001d3b6000 Uncommon trap: reason=class_check action=maybe_recompile pc=0x0000000003f9801c method=org.gradle.api.internal.tasks.compile.ApiMemberSelector.visitAnnotationValue(Lorg/objectweb/asm/AnnotationVisitor;Lorg/gradle/api/internal/tasks/compile/AnnotationValue;
Event: 17.756 Thread 0x000000001d3b6000 Uncommon trap: reason=unstable_if action=reinterpret pc=0x0000000003f43210 method=org.objectweb.asm.ClassReader.readUTF(II[C)Ljava/lang/String; @ 98
Event: 17.865 Thread 0x000000001d3b6000 Uncommon trap: reason=unstable_if action=reinterpret pc=0x0000000002dbe494 method=com.google.common.collect.MapMakerInternalMap$Segment.drainKeyReferenceQueue()V @ 11
Event: 18.027 Thread 0x000000001d3b6000 Uncommon trap: reason=unstable_if action=reinterpret pc=0x0000000003c1a724 method=org.gradle.api.internal.file.pattern.FixedStepPathMatcher.matches([Ljava/lang/String;I)Z @ 35
Event: 18.112 Thread 0x000000001d3b6000 Uncommon trap: reason=unstable_if action=reinterpret pc=0x0000000002ed4ac4 method=com.google.common.collect.MapMakerInternalMap$Segment.getEntry(Ljava/lang/Object;I)Lcom/google/common/collect/MapMakerInternalMap$ReferenceEntry; @ 40

Classes redefined (0 events):
No events

Internal exceptions (10 events):
Event: 11.799 Thread 0x000000001d3b6000 Exception <a 'java/lang/NoSuchMethodError': <clinit>> (0x00000000e1a2e430) thrown at [D:\src\AOSP-openjdk-cygwin\jdk8u\hotspot\src\share\vm\prims\jni.cpp, line 1613]
Event: 11.799 Thread 0x000000001d3b6000 Exception <a 'java/lang/NoSuchMethodError': <clinit>> (0x00000000e1a396b0) thrown at [D:\src\AOSP-openjdk-cygwin\jdk8u\hotspot\src\share\vm\prims\jni.cpp, line 1613]
Event: 11.884 Thread 0x000000001d3b6000 Exception <a 'java/lang/NoSuchMethodError': <clinit>> (0x00000000e1f7d180) thrown at [D:\src\AOSP-openjdk-cygwin\jdk8u\hotspot\src\share\vm\prims\jni.cpp, line 1613]
Event: 11.884 Thread 0x000000001d3b6000 Exception <a 'java/lang/NoSuchMethodError': <clinit>> (0x00000000e1f8ff88) thrown at [D:\src\AOSP-openjdk-cygwin\jdk8u\hotspot\src\share\vm\prims\jni.cpp, line 1613]
Event: 11.885 Thread 0x000000001d3b6000 Exception <a 'java/lang/NoSuchMethodError': <clinit>> (0x00000000e1f91838) thrown at [D:\src\AOSP-openjdk-cygwin\jdk8u\hotspot\src\share\vm\prims\jni.cpp, line 1613]
Event: 11.913 Thread 0x000000001d3b6000 Implicit null exception at 0x0000000002fef5a2 to 0x0000000002fefaa9
Event: 12.518 Thread 0x000000001d3b6000 Exception <a 'java/lang/NoSuchMethodError': <clinit>> (0x00000000e42286d8) thrown at [D:\src\AOSP-openjdk-cygwin\jdk8u\hotspot\src\share\vm\prims\jni.cpp, line 1613]
Event: 12.519 Thread 0x000000001d3b6000 Exception <a 'java/lang/NoSuchMethodError': <clinit>> (0x00000000e4232280) thrown at [D:\src\AOSP-openjdk-cygwin\jdk8u\hotspot\src\share\vm\prims\jni.cpp, line 1613]
Event: 13.207 Thread 0x000000001d3c2000 Exception <a 'java/lang/NoSuchMethodError': java.lang.Object.lambda$negate$1(Ljava/lang/Object;)Z> (0x00000000e6df5138) thrown at [D:\src\AOSP-openjdk-cygwin\jdk8u\hotspot\src\share\vm\interpreter\linkResolver.cpp, line 584]
Event: 14.148 Thread 0x000000001d3b6000 Exception <a 'java/lang/NoSuchMethodError': java.lang.Object.lambda$comparingInt$7b0bb60$1(Ljava/util/function/ToIntFunction;Ljava/lang/Object;Ljava/lang/Object;)I> (0x00000000e7126cf8) thrown at [D:\src\AOSP-openjdk-cygwin\jdk8u\hotspot\src\share\vm\inte

Events (10 events):
Event: 18.227 loading class javax/tools/StandardJavaFileManager done
Event: 18.227 loading class com/sun/tools/javac/util/ClientCodeException
Event: 18.227 loading class com/sun/tools/javac/util/ClientCodeException done
Event: 18.240 loading class com/sun/source/util/JavacTask
Event: 18.240 loading class com/sun/source/util/JavacTask done
Event: 18.245 loading class javax/tools/JavaCompiler$CompilationTask
Event: 18.245 loading class javax/tools/JavaCompiler$CompilationTask done
Event: 18.245 loading class com/sun/tools/javac/api/JavacTaskImpl
Event: 18.245 loading class com/sun/tools/javac/api/JavacTaskImpl done
Event: 18.247 Executing VM operation: CollectForMetadataAllocation


Dynamic libraries:
0x00007ff6e93a0000 - 0x00007ff6e93d1000 	E:\AndroidStudio\jre\bin\java.exe
0x00007fff90c00000 - 0x00007fff90de1000 	C:\WINDOWS\SYSTEM32\ntdll.dll
0x00007fff904f0000 - 0x00007fff905a2000 	C:\WINDOWS\System32\KERNEL32.DLL
0x00007fff8de10000 - 0x00007fff8e083000 	C:\WINDOWS\System32\KERNELBASE.dll
0x00007fff8e090000 - 0x00007fff8e131000 	C:\WINDOWS\System32\ADVAPI32.dll
0x00007fff8ed10000 - 0x00007fff8edae000 	C:\WINDOWS\System32\msvcrt.dll
0x00007fff90280000 - 0x00007fff902db000 	C:\WINDOWS\System32\sechost.dll
0x00007fff8e3f0000 - 0x00007fff8e514000 	C:\WINDOWS\System32\RPCRT4.dll
0x00007fff8eb80000 - 0x00007fff8ed10000 	C:\WINDOWS\System32\USER32.dll
0x00007fff8cfd0000 - 0x00007fff8cff0000 	C:\WINDOWS\System32\win32u.dll
0x00007fff8eb50000 - 0x00007fff8eb78000 	C:\WINDOWS\System32\GDI32.dll
0x00007fff8dc70000 - 0x00007fff8de02000 	C:\WINDOWS\System32\gdi32full.dll
0x00007fff8d7d0000 - 0x00007fff8d86f000 	C:\WINDOWS\System32\msvcp_win.dll
0x00007fff8d870000 - 0x00007fff8d96a000 	C:\WINDOWS\System32\ucrtbase.dll
0x00007fff7f8f0000 - 0x00007fff7fb59000 	C:\WINDOWS\WinSxS\amd64_microsoft.windows.common-controls_6595b64144ccf1df_6.0.17134.165_none_fb429645306569ac\COMCTL32.dll
0x00007fff90690000 - 0x00007fff909b3000 	C:\WINDOWS\System32\combase.dll
0x00007fff8d040000 - 0x00007fff8d0ba000 	C:\WINDOWS\System32\bcryptPrimitives.dll
0x00007fff8edb0000 - 0x00007fff8eddd000 	C:\WINDOWS\System32\IMM32.DLL
0x0000000066550000 - 0x0000000066622000 	E:\AndroidStudio\jre\jre\bin\msvcr100.dll
0x00000000669a0000 - 0x00000000671df000 	E:\AndroidStudio\jre\jre\bin\server\jvm.dll
0x00007fff90ab0000 - 0x00007fff90ab8000 	C:\WINDOWS\System32\PSAPI.DLL
0x00007fff89af0000 - 0x00007fff89b13000 	C:\WINDOWS\SYSTEM32\WINMM.dll
0x00007fff87320000 - 0x00007fff87329000 	C:\WINDOWS\SYSTEM32\WSOCK32.dll
0x00007fff90ac0000 - 0x00007fff90b2c000 	C:\WINDOWS\System32\WS2_32.dll
0x00007fff877d0000 - 0x00007fff877da000 	C:\WINDOWS\SYSTEM32\VERSION.dll
0x00007fff89ac0000 - 0x00007fff89aea000 	C:\WINDOWS\SYSTEM32\winmmbase.dll
0x00007fff8cff0000 - 0x00007fff8d039000 	C:\WINDOWS\System32\cfgmgr32.dll
0x00007fff830a0000 - 0x00007fff830af000 	E:\AndroidStudio\jre\jre\bin\verify.dll
0x00007fff74b40000 - 0x00007fff74b69000 	E:\AndroidStudio\jre\jre\bin\java.dll
0x00007fff74b20000 - 0x00007fff74b36000 	E:\AndroidStudio\jre\jre\bin\zip.dll
0x00007fff8ede0000 - 0x00007fff90220000 	C:\WINDOWS\System32\SHELL32.dll
0x00007fff8e320000 - 0x00007fff8e3c9000 	C:\WINDOWS\System32\shcore.dll
0x00007fff8d0c0000 - 0x00007fff8d7cd000 	C:\WINDOWS\System32\windows.storage.dll
0x00007fff90480000 - 0x00007fff904d1000 	C:\WINDOWS\System32\shlwapi.dll
0x00007fff8cf60000 - 0x00007fff8cf71000 	C:\WINDOWS\System32\kernel.appcore.dll
0x00007fff8cf30000 - 0x00007fff8cf4f000 	C:\WINDOWS\System32\profapi.dll
0x00007fff8cf80000 - 0x00007fff8cfcc000 	C:\WINDOWS\System32\powrprof.dll
0x00007fff8cf50000 - 0x00007fff8cf5a000 	C:\WINDOWS\System32\FLTLIB.DLL
0x00007fff73c90000 - 0x00007fff73caa000 	E:\AndroidStudio\jre\jre\bin\net.dll
0x00007fff8c430000 - 0x00007fff8c496000 	C:\WINDOWS\system32\mswsock.dll
0x00007fff73c70000 - 0x00007fff73c81000 	E:\AndroidStudio\jre\jre\bin\nio.dll
0x00007fff887f0000 - 0x00007fff8880e000 	C:\Users\Malec\.gradle\native\25\windows-amd64\native-platform.dll
0x00007fff82ff0000 - 0x00007fff82ffd000 	E:\AndroidStudio\jre\jre\bin\management.dll
0x00007fff8cc30000 - 0x00007fff8cc47000 	C:\WINDOWS\SYSTEM32\CRYPTSP.dll
0x00007fff8c010000 - 0x00007fff8c043000 	C:\WINDOWS\system32\rsaenh.dll
0x00007fff8c8a0000 - 0x00007fff8c8c5000 	C:\WINDOWS\SYSTEM32\bcrypt.dll
0x00007fff8ce40000 - 0x00007fff8ce68000 	C:\WINDOWS\SYSTEM32\USERENV.dll
0x00007fff8c5e0000 - 0x00007fff8c5eb000 	C:\WINDOWS\SYSTEM32\CRYPTBASE.dll
0x00007fff8c1b0000 - 0x00007fff8c1e8000 	C:\WINDOWS\SYSTEM32\IPHLPAPI.DLL
0x00007fff904e0000 - 0x00007fff904e8000 	C:\WINDOWS\System32\NSI.dll
0x00007fff877a0000 - 0x00007fff877b6000 	C:\WINDOWS\SYSTEM32\dhcpcsvc6.DLL
0x00007fff876c0000 - 0x00007fff876da000 	C:\WINDOWS\SYSTEM32\dhcpcsvc.DLL
0x00007fff8c8d0000 - 0x00007fff8ca99000 	C:\WINDOWS\SYSTEM32\dbghelp.dll

VM Arguments:
jvm_args: -Xmx1536m -Dfile.encoding=windows-1252 -Duser.country=US -Duser.language=en -Duser.variant 
java_command: org.gradle.launcher.daemon.bootstrap.GradleDaemon 4.4
java_class_path (initial): C:\Users\Malec\.gradle\wrapper\dists\gradle-4.4-all\9br9xq1tocpiv8o6njlyu5op1\gradle-4.4\lib\gradle-launcher-4.4.jar
Launcher Type: SUN_STANDARD

Environment Variables:
PATH=C:\ProgramData\Oracle\Java\javapath;C:\WINDOWS\system32;C:\WINDOWS;C:\WINDOWS\System32\Wbem;C:\WINDOWS\System32\WindowsPowerShell\v1.0\;C:\Program Files\Git\cmd;C:\Program Files (x86)\GtkSharp\2.12\bin;C:\Program Files (x86)\NVIDIA Corporation\PhysX\Common;%SystemRoot%\system32;%SystemRoot%;%SystemRoot%\System32\Wbem;%SYSTEMROOT%\System32\WindowsPowerShell\v1.0\;%SYSTEMROOT%\System32\OpenSSH\;C:\Users\Malec\AppData\Local\Microsoft\WindowsApps;C:\Users\Malec\AppData\Local\GitHubDesktop\bin;%USERPROFILE%\AppData\Local\Microsoft\WindowsApps;
USERNAME=Malec
OS=Windows_NT
PROCESSOR_IDENTIFIER=AMD64 Family 21 Model 2 Stepping 0, AuthenticAMD



---------------  S Y S T E M  ---------------

OS: Windows 10.0 , 64 bit Build 17134 (10.0.17134.1)

CPU:total 8 (initial active 8) (8 cores per cpu, 1 threads per core) family 21 model 2 stepping 0, cmov, cx8, fxsr, mmx, sse, sse2, sse3, ssse3, sse4.1, sse4.2, popcnt, avx, aes, clmul, mmxext, 3dnowpref, lzcnt, sse4a, tsc, tscinvbit, tscinv, bmi1

Memory: 4k page, physical 10467988k(4211464k free), swap 15587988k(5419780k free)

vm_info: OpenJDK 64-Bit Server VM (25.152-b02) for windows-amd64 JRE (1.8.0_152-release-1024-b02), built by "builder" with MS VC++ 10.0 (VS2010)

time: Sat Jul 28 23:09:52 2018
elapsed time: 18 seconds (0d 0h 0m 18s)

